  stdafx.cpp
c:\users\tommy\desktop\tutorial nano42\nano 42\source\Hooking.h(48): warning C4244: "=": Konvertierung von "uintptr_t" in "DWORD", möglicher Datenverlust
c:\users\tommy\desktop\tutorial nano42\nano 42\source\Hooking.h(58): warning C4244: "return": Konvertierung von "uintptr_t" in "uint32_t", möglicher Datenverlust
c:\users\tommy\desktop\tutorial nano42\nano 42\source\Hooking.h(71): warning C4244: "=": Konvertierung von "uintptr_t" in "DWORD", möglicher Datenverlust
c:\users\tommy\desktop\tutorial nano42\nano 42\source\GUI.h(12): warning C4091: "extern ": Ignoriert auf der linken Seite von "SubMenus", wenn keine Variable deklariert wurde
c:\users\tommy\desktop\tutorial nano42\nano 42\source\GUI.h(16): warning C4091: "typedef ": Ignoriert auf der linken Seite von "VECTOR2", wenn keine Variable deklariert wurde
c:\users\tommy\desktop\tutorial nano42\nano 42\source\GUI.h(19): warning C4091: "typedef ": Ignoriert auf der linken Seite von "VECTOR2_2", wenn keine Variable deklariert wurde
c:\users\tommy\desktop\tutorial nano42\nano 42\source\GUI.h(22): warning C4091: "typedef ": Ignoriert auf der linken Seite von "RGBAF", wenn keine Variable deklariert wurde
c:\users\tommy\desktop\tutorial nano42\nano 42\source\GUI.h(25): warning C4091: "typedef ": Ignoriert auf der linken Seite von "RGBA", wenn keine Variable deklariert wurde
c:\users\tommy\desktop\tutorial nano42\nano 42\source\GUI.h(28): warning C4091: "typedef ": Ignoriert auf der linken Seite von "RGB", wenn keine Variable deklariert wurde
  CrossMapping.cpp
  Functions.cpp
Functions.cpp(30): warning C4244: "return": Konvertierung von "double" in "int", möglicher Datenverlust
  Hooking.cpp
  InputHook.cpp
  keyboard.cpp
  Log.cpp
  Memory.cpp
  GUI.cpp
GUI.cpp(475): warning C4018: ">": Konflikt zwischen "signed" und "unsigned"
GUI.cpp(476): warning C4018: ">": Konflikt zwischen "signed" und "unsigned"
GUI.cpp(477): warning C4018: ">": Konflikt zwischen "signed" und "unsigned"
  NativeInvoker.cpp
  Menu.cpp
  dllmain.cpp
c:\users\tommy\desktop\tutorial nano42\nano 42\source\Hooking.h(48): warning C4244: "=": Konvertierung von "uintptr_t" in "DWORD", möglicher Datenverlust
c:\users\tommy\desktop\tutorial nano42\nano 42\source\Hooking.h(58): warning C4244: "return": Konvertierung von "uintptr_t" in "uint32_t", möglicher Datenverlust
c:\users\tommy\desktop\tutorial nano42\nano 42\source\Hooking.h(71): warning C4244: "=": Konvertierung von "uintptr_t" in "DWORD", möglicher Datenverlust
c:\users\tommy\desktop\tutorial nano42\nano 42\source\GUI.h(12): warning C4091: "extern ": Ignoriert auf der linken Seite von "SubMenus", wenn keine Variable deklariert wurde
c:\users\tommy\desktop\tutorial nano42\nano 42\source\GUI.h(16): warning C4091: "typedef ": Ignoriert auf der linken Seite von "VECTOR2", wenn keine Variable deklariert wurde
c:\users\tommy\desktop\tutorial nano42\nano 42\source\GUI.h(19): warning C4091: "typedef ": Ignoriert auf der linken Seite von "VECTOR2_2", wenn keine Variable deklariert wurde
c:\users\tommy\desktop\tutorial nano42\nano 42\source\GUI.h(22): warning C4091: "typedef ": Ignoriert auf der linken Seite von "RGBAF", wenn keine Variable deklariert wurde
c:\users\tommy\desktop\tutorial nano42\nano 42\source\GUI.h(25): warning C4091: "typedef ": Ignoriert auf der linken Seite von "RGBA", wenn keine Variable deklariert wurde
c:\users\tommy\desktop\tutorial nano42\nano 42\source\GUI.h(28): warning C4091: "typedef ": Ignoriert auf der linken Seite von "RGB", wenn keine Variable deklariert wurde
  Code wird generiert.
  74 of 1581 functions ( 4.7%) were compiled, the rest were copied from previous compilation.
    5 functions were new in current compilation
    3 functions had inline decision re-evaluated but remain unchanged
  Codegenerierung ist abgeschlossen.
  SudoMod.vcxproj -> C:\Users\tommy\Desktop\Tutorial Nano42\Nano 42\Build\Release\Nano42.dll
  SudoMod.vcxproj -> C:\Users\tommy\Desktop\Tutorial Nano42\Nano 42\Build\Release\Nano42.pdb (Full PDB)
