c:\users\lsupe\desktop\nano 42\build\intermediate\debug\nano 42.pch
c:\users\lsupe\desktop\nano 42\build\intermediate\debug\vc141.pdb
c:\users\lsupe\desktop\nano 42\build\intermediate\debug\vc141.idb
c:\users\lsupe\desktop\nano 42\build\intermediate\debug\stdafx.obj
c:\users\lsupe\desktop\nano 42\build\intermediate\debug\types.obj
c:\users\lsupe\desktop\nano 42\build\intermediate\debug\menu.obj
c:\users\lsupe\desktop\nano 42\build\intermediate\debug\nativeinvoker.obj
c:\users\lsupe\desktop\nano 42\build\intermediate\debug\menuconfig.obj
c:\users\lsupe\desktop\nano 42\build\intermediate\debug\gui.obj
c:\users\lsupe\desktop\nano 42\build\intermediate\debug\memory.obj
c:\users\lsupe\desktop\nano 42\build\intermediate\debug\log.obj
c:\users\lsupe\desktop\nano 42\build\intermediate\debug\keyboard.obj
c:\users\lsupe\desktop\nano 42\build\intermediate\debug\inputhook.obj
c:\users\lsupe\desktop\nano 42\build\intermediate\debug\hooking.obj
c:\users\lsupe\desktop\nano 42\build\intermediate\debug\functions.obj
c:\users\lsupe\desktop\nano 42\build\intermediate\debug\exepath.obj
c:\users\lsupe\desktop\nano 42\build\intermediate\debug\crossmapping.obj
c:\users\lsupe\desktop\nano 42\build\intermediate\debug\dllmain.obj
c:\users\lsupe\desktop\nano 42\build\debug\nano 42.ilk
c:\users\lsupe\desktop\nano 42\build\debug\nano 42.dll
c:\users\lsupe\desktop\nano 42\build\debug\nano 42.pdb
c:\users\lsupe\desktop\nano 42\build\intermediate\debug\nano 42.tlog\cl.command.1.tlog
c:\users\lsupe\desktop\nano 42\build\intermediate\debug\nano 42.tlog\cl.read.1.tlog
c:\users\lsupe\desktop\nano 42\build\intermediate\debug\nano 42.tlog\cl.write.1.tlog
c:\users\lsupe\desktop\nano 42\build\intermediate\debug\nano 42.tlog\link.command.1.tlog
c:\users\lsupe\desktop\nano 42\build\intermediate\debug\nano 42.tlog\link.read.1.tlog
c:\users\lsupe\desktop\nano 42\build\intermediate\debug\nano 42.tlog\link.write.1.tlog
